2025-06-15 20:12:47,121 - __main__ - INFO - Starting phishing URL detector...
2025-06-15 20:12:47,126 - __main__ - INFO - Loading model and artifacts...
2025-06-15 20:12:47,434 - absl - WARNING - Compiled the loaded model, but the compiled metrics have yet to be built. `model.compile_metrics` will be empty until you train or evaluate the model.
2025-06-15 20:12:47,467 - __main__ - INFO - Model and artifacts loaded successfully
2025-06-15 20:13:40,053 - __main__ - INFO - Starting phishing URL detector...
2025-06-15 20:13:40,053 - __main__ - INFO - Loading model and artifacts...
2025-06-15 20:13:40,138 - absl - WARNING - Compiled the loaded model, but the compiled metrics have yet to be built. `model.compile_metrics` will be empty until you train or evaluate the model.
2025-06-15 20:13:40,154 - __main__ - INFO - Model and artifacts loaded successfully
2025-06-15 20:15:02,251 - __main__ - INFO - Starting phishing URL detector...
2025-06-15 20:15:02,252 - __main__ - INFO - Loading model and artifacts...
2025-06-15 20:15:02,312 - absl - WARNING - Compiled the loaded model, but the compiled metrics have yet to be built. `model.compile_metrics` will be empty until you train or evaluate the model.
2025-06-15 20:15:02,324 - __main__ - INFO - Model and artifacts loaded successfully
2025-06-15 21:43:51,963 - __main__ - INFO - Starting phishing URL detector...
2025-06-15 21:43:51,964 - __main__ - INFO - Loading model and artifacts...
2025-06-15 21:43:52,093 - absl - WARNING - Compiled the loaded model, but the compiled metrics have yet to be built. `model.compile_metrics` will be empty until you train or evaluate the model.
2025-06-15 21:43:52,121 - __main__ - INFO - Model and artifacts loaded successfully
2025-06-15 21:43:52,487 - __main__ - ERROR - Error predicting URL http://account-verification-required.example.net: name 'probability' is not defined
Traceback (most recent call last):
  File "E:\CyberPbl\server\python\predict.py", line 444, in predict_url
    'probability': round(probability, 4),
                         ^^^^^^^^^^^
NameError: name 'probability' is not defined. Did you mean: 'base_probability'?
2025-06-15 21:46:09,952 - __main__ - INFO - Starting phishing URL detector...
2025-06-15 21:46:09,952 - __main__ - INFO - Loading model and artifacts...
2025-06-15 21:46:10,015 - absl - WARNING - Compiled the loaded model, but the compiled metrics have yet to be built. `model.compile_metrics` will be empty until you train or evaluate the model.
2025-06-15 21:46:10,029 - __main__ - INFO - Model and artifacts loaded successfully
2025-06-15 21:46:10,113 - __main__ - ERROR - Error predicting URL http://account-verification-required.example.net: name 'probability' is not defined
Traceback (most recent call last):
  File "E:\CyberPbl\server\python\predict.py", line 444, in predict_url
    'probability': round(probability, 4),
                         ^^^^^^^^^^^
NameError: name 'probability' is not defined. Did you mean: 'base_probability'?
2025-06-15 21:48:36,654 - __main__ - INFO - Starting phishing URL detector...
2025-06-15 21:48:36,655 - __main__ - INFO - Loading model and artifacts...
2025-06-15 21:48:36,716 - absl - WARNING - Compiled the loaded model, but the compiled metrics have yet to be built. `model.compile_metrics` will be empty until you train or evaluate the model.
2025-06-15 21:48:36,729 - __main__ - INFO - Model and artifacts loaded successfully
2025-06-15 21:53:21,391 - __main__ - INFO - Starting phishing URL detector...
2025-06-15 21:53:21,391 - __main__ - INFO - Loading model and artifacts...
2025-06-15 21:53:21,454 - absl - WARNING - Compiled the loaded model, but the compiled metrics have yet to be built. `model.compile_metrics` will be empty until you train or evaluate the model.
2025-06-15 21:53:21,471 - __main__ - INFO - Model and artifacts loaded successfully
2025-06-15 21:53:43,331 - __main__ - INFO - Starting phishing URL detector...
2025-06-15 21:53:43,331 - __main__ - INFO - Loading model and artifacts...
2025-06-15 21:53:43,393 - absl - WARNING - Compiled the loaded model, but the compiled metrics have yet to be built. `model.compile_metrics` will be empty until you train or evaluate the model.
2025-06-15 21:53:43,406 - __main__ - INFO - Model and artifacts loaded successfully
2025-06-15 21:54:13,884 - __main__ - INFO - Starting phishing URL detector...
2025-06-15 21:54:13,884 - __main__ - INFO - Loading model and artifacts...
2025-06-15 21:54:13,943 - absl - WARNING - Compiled the loaded model, but the compiled metrics have yet to be built. `model.compile_metrics` will be empty until you train or evaluate the model.
2025-06-15 21:54:13,956 - __main__ - INFO - Model and artifacts loaded successfully
2025-06-15 21:54:29,838 - __main__ - INFO - Starting phishing URL detector...
2025-06-15 21:54:29,839 - __main__ - INFO - Loading model and artifacts...
2025-06-15 21:54:29,898 - absl - WARNING - Compiled the loaded model, but the compiled metrics have yet to be built. `model.compile_metrics` will be empty until you train or evaluate the model.
2025-06-15 21:54:29,911 - __main__ - INFO - Model and artifacts loaded successfully
2025-06-15 21:54:55,227 - __main__ - INFO - Starting phishing URL detector...
2025-06-15 21:54:55,227 - __main__ - INFO - Loading model and artifacts...
2025-06-15 21:54:55,286 - absl - WARNING - Compiled the loaded model, but the compiled metrics have yet to be built. `model.compile_metrics` will be empty until you train or evaluate the model.
2025-06-15 21:54:55,299 - __main__ - INFO - Model and artifacts loaded successfully
2025-06-15 21:55:11,035 - __main__ - INFO - Starting phishing URL detector...
2025-06-15 21:55:11,035 - __main__ - INFO - Loading model and artifacts...
2025-06-15 21:55:11,095 - absl - WARNING - Compiled the loaded model, but the compiled metrics have yet to be built. `model.compile_metrics` will be empty until you train or evaluate the model.
2025-06-15 21:55:11,108 - __main__ - INFO - Model and artifacts loaded successfully
2025-06-15 21:55:27,393 - __main__ - INFO - Starting phishing URL detector...
2025-06-15 21:55:27,394 - __main__ - INFO - Loading model and artifacts...
2025-06-15 21:55:27,455 - absl - WARNING - Compiled the loaded model, but the compiled metrics have yet to be built. `model.compile_metrics` will be empty until you train or evaluate the model.
2025-06-15 21:55:27,466 - __main__ - INFO - Model and artifacts loaded successfully
2025-06-15 22:02:40,218 - __main__ - INFO - Starting phishing URL detector...
2025-06-15 22:02:40,219 - __main__ - INFO - Loading model and artifacts...
2025-06-15 22:02:40,282 - absl - WARNING - Compiled the loaded model, but the compiled metrics have yet to be built. `model.compile_metrics` will be empty until you train or evaluate the model.
2025-06-15 22:02:40,294 - __main__ - INFO - Model and artifacts loaded successfully
2025-06-15 22:02:43,903 - __main__ - INFO - Starting phishing URL detector...
2025-06-15 22:02:43,903 - __main__ - INFO - Loading model and artifacts...
2025-06-15 22:02:43,960 - absl - WARNING - Compiled the loaded model, but the compiled metrics have yet to be built. `model.compile_metrics` will be empty until you train or evaluate the model.
2025-06-15 22:02:43,972 - __main__ - INFO - Model and artifacts loaded successfully
2025-06-15 22:02:47,848 - __main__ - INFO - Starting phishing URL detector...
2025-06-15 22:02:47,849 - __main__ - INFO - Loading model and artifacts...
2025-06-15 22:02:47,976 - absl - WARNING - Compiled the loaded model, but the compiled metrics have yet to be built. `model.compile_metrics` will be empty until you train or evaluate the model.
2025-06-15 22:02:48,001 - __main__ - INFO - Model and artifacts loaded successfully
2025-06-15 22:02:52,178 - __main__ - INFO - Starting phishing URL detector...
2025-06-15 22:02:52,178 - __main__ - INFO - Loading model and artifacts...
2025-06-15 22:02:52,240 - absl - WARNING - Compiled the loaded model, but the compiled metrics have yet to be built. `model.compile_metrics` will be empty until you train or evaluate the model.
2025-06-15 22:02:52,255 - __main__ - INFO - Model and artifacts loaded successfully
2025-06-15 22:02:55,802 - __main__ - INFO - Starting phishing URL detector...
2025-06-15 22:02:55,802 - __main__ - INFO - Loading model and artifacts...
2025-06-15 22:02:55,860 - absl - WARNING - Compiled the loaded model, but the compiled metrics have yet to be built. `model.compile_metrics` will be empty until you train or evaluate the model.
2025-06-15 22:02:55,873 - __main__ - INFO - Model and artifacts loaded successfully
2025-06-15 22:02:59,450 - __main__ - INFO - Starting phishing URL detector...
2025-06-15 22:02:59,450 - __main__ - INFO - Loading model and artifacts...
2025-06-15 22:02:59,521 - absl - WARNING - Compiled the loaded model, but the compiled metrics have yet to be built. `model.compile_metrics` will be empty until you train or evaluate the model.
2025-06-15 22:02:59,535 - __main__ - INFO - Model and artifacts loaded successfully
2025-06-15 22:03:03,073 - __main__ - INFO - Starting phishing URL detector...
2025-06-15 22:03:03,073 - __main__ - INFO - Loading model and artifacts...
2025-06-15 22:03:03,133 - absl - WARNING - Compiled the loaded model, but the compiled metrics have yet to be built. `model.compile_metrics` will be empty until you train or evaluate the model.
2025-06-15 22:03:03,146 - __main__ - INFO - Model and artifacts loaded successfully
2025-06-15 22:03:06,670 - __main__ - INFO - Starting phishing URL detector...
2025-06-15 22:03:06,670 - __main__ - INFO - Loading model and artifacts...
2025-06-15 22:03:06,749 - absl - WARNING - Compiled the loaded model, but the compiled metrics have yet to be built. `model.compile_metrics` will be empty until you train or evaluate the model.
2025-06-15 22:03:06,765 - __main__ - INFO - Model and artifacts loaded successfully
2025-06-15 22:03:10,317 - __main__ - INFO - Starting phishing URL detector...
2025-06-15 22:03:10,317 - __main__ - INFO - Loading model and artifacts...
2025-06-15 22:03:10,375 - absl - WARNING - Compiled the loaded model, but the compiled metrics have yet to be built. `model.compile_metrics` will be empty until you train or evaluate the model.
2025-06-15 22:03:10,387 - __main__ - INFO - Model and artifacts loaded successfully
2025-06-15 22:03:13,846 - __main__ - INFO - Starting phishing URL detector...
2025-06-15 22:03:13,847 - __main__ - INFO - Loading model and artifacts...
2025-06-15 22:03:13,903 - absl - WARNING - Compiled the loaded model, but the compiled metrics have yet to be built. `model.compile_metrics` will be empty until you train or evaluate the model.
2025-06-15 22:03:13,916 - __main__ - INFO - Model and artifacts loaded successfully
2025-06-15 22:26:35,648 - __main__ - INFO - Starting phishing URL detector...
2025-06-15 22:26:35,654 - __main__ - INFO - Loading model and artifacts...
2025-06-15 22:26:35,829 - absl - WARNING - Compiled the loaded model, but the compiled metrics have yet to be built. `model.compile_metrics` will be empty until you train or evaluate the model.
2025-06-15 22:26:35,864 - __main__ - INFO - Model and artifacts loaded successfully
2025-06-15 22:27:19,060 - __main__ - INFO - Starting phishing URL detector...
2025-06-15 22:27:19,061 - __main__ - INFO - Loading model and artifacts...
2025-06-15 22:27:19,153 - absl - WARNING - Compiled the loaded model, but the compiled metrics have yet to be built. `model.compile_metrics` will be empty until you train or evaluate the model.
2025-06-15 22:27:19,167 - __main__ - INFO - Model and artifacts loaded successfully
2025-06-15 22:39:59,897 - __main__ - INFO - Starting phishing URL detector...
2025-06-15 22:39:59,901 - __main__ - INFO - Loading model and artifacts...
2025-06-15 22:40:00,217 - absl - WARNING - Compiled the loaded model, but the compiled metrics have yet to be built. `model.compile_metrics` will be empty until you train or evaluate the model.
2025-06-15 22:40:00,255 - __main__ - INFO - Model and artifacts loaded successfully
2025-06-15 22:40:36,944 - __main__ - INFO - Starting phishing URL detector...
2025-06-15 22:40:36,945 - __main__ - INFO - Loading model and artifacts...
2025-06-15 22:40:37,013 - absl - WARNING - Compiled the loaded model, but the compiled metrics have yet to be built. `model.compile_metrics` will be empty until you train or evaluate the model.
2025-06-15 22:40:37,026 - __main__ - INFO - Model and artifacts loaded successfully
2025-06-15 22:41:03,219 - __main__ - INFO - Starting phishing URL detector...
2025-06-15 22:41:03,219 - __main__ - INFO - Loading model and artifacts...
2025-06-15 22:41:03,288 - absl - WARNING - Compiled the loaded model, but the compiled metrics have yet to be built. `model.compile_metrics` will be empty until you train or evaluate the model.
2025-06-15 22:41:03,301 - __main__ - INFO - Model and artifacts loaded successfully
2025-06-15 22:41:26,299 - __main__ - INFO - Starting phishing URL detector...
2025-06-15 22:41:26,299 - __main__ - INFO - Loading model and artifacts...
2025-06-15 22:41:26,377 - absl - WARNING - Compiled the loaded model, but the compiled metrics have yet to be built. `model.compile_metrics` will be empty until you train or evaluate the model.
2025-06-15 22:41:26,394 - __main__ - INFO - Model and artifacts loaded successfully
2025-06-15 22:42:03,194 - __main__ - INFO - Starting phishing URL detector...
2025-06-15 22:42:03,195 - __main__ - INFO - Loading model and artifacts...
2025-06-15 22:42:03,258 - absl - WARNING - Compiled the loaded model, but the compiled metrics have yet to be built. `model.compile_metrics` will be empty until you train or evaluate the model.
2025-06-15 22:42:03,271 - __main__ - INFO - Model and artifacts loaded successfully
2025-06-15 22:42:19,664 - __main__ - INFO - Starting phishing URL detector...
2025-06-15 22:42:19,665 - __main__ - INFO - Loading model and artifacts...
2025-06-15 22:42:19,724 - absl - WARNING - Compiled the loaded model, but the compiled metrics have yet to be built. `model.compile_metrics` will be empty until you train or evaluate the model.
2025-06-15 22:42:19,738 - __main__ - INFO - Model and artifacts loaded successfully
2025-06-15 22:42:51,009 - __main__ - INFO - Starting phishing URL detector...
2025-06-15 22:42:51,010 - __main__ - INFO - Loading model and artifacts...
2025-06-15 22:42:51,115 - absl - WARNING - Compiled the loaded model, but the compiled metrics have yet to be built. `model.compile_metrics` will be empty until you train or evaluate the model.
2025-06-15 22:42:51,131 - __main__ - INFO - Model and artifacts loaded successfully
2025-06-15 22:47:14,111 - __main__ - INFO - Starting phishing URL detector...
2025-06-15 22:47:14,114 - __main__ - INFO - Loading model and artifacts...
2025-06-15 22:47:14,421 - absl - WARNING - Compiled the loaded model, but the compiled metrics have yet to be built. `model.compile_metrics` will be empty until you train or evaluate the model.
2025-06-15 22:47:14,459 - __main__ - INFO - Model and artifacts loaded successfully
2025-06-15 22:47:46,730 - __main__ - INFO - Starting phishing URL detector...
2025-06-15 22:47:46,730 - __main__ - INFO - Loading model and artifacts...
2025-06-15 22:47:46,797 - absl - WARNING - Compiled the loaded model, but the compiled metrics have yet to be built. `model.compile_metrics` will be empty until you train or evaluate the model.
2025-06-15 22:47:46,812 - __main__ - INFO - Model and artifacts loaded successfully
2025-06-15 22:49:31,976 - __main__ - INFO - Starting phishing URL detector...
2025-06-15 22:49:31,976 - __main__ - INFO - Loading model and artifacts...
2025-06-15 22:49:32,047 - absl - WARNING - Compiled the loaded model, but the compiled metrics have yet to be built. `model.compile_metrics` will be empty until you train or evaluate the model.
2025-06-15 22:49:32,062 - __main__ - INFO - Model and artifacts loaded successfully
2025-06-15 23:43:48,407 - __main__ - INFO - Starting phishing URL detector...
2025-06-15 23:43:48,408 - __main__ - INFO - Loading model and artifacts...
2025-06-15 23:43:48,541 - absl - WARNING - Compiled the loaded model, but the compiled metrics have yet to be built. `model.compile_metrics` will be empty until you train or evaluate the model.
2025-06-15 23:43:48,566 - __main__ - INFO - Model and artifacts loaded successfully
2025-06-15 23:44:53,299 - __main__ - INFO - Starting phishing URL detector...
2025-06-15 23:44:53,300 - __main__ - INFO - Loading model and artifacts...
2025-06-15 23:44:53,357 - __main__ - INFO - Starting phishing URL detector...
2025-06-15 23:44:53,358 - __main__ - INFO - Loading model and artifacts...
2025-06-15 23:44:53,427 - absl - WARNING - Compiled the loaded model, but the compiled metrics have yet to be built. `model.compile_metrics` will be empty until you train or evaluate the model.
2025-06-15 23:44:53,448 - __main__ - INFO - Model and artifacts loaded successfully
2025-06-15 23:44:53,479 - absl - WARNING - Compiled the loaded model, but the compiled metrics have yet to be built. `model.compile_metrics` will be empty until you train or evaluate the model.
2025-06-15 23:44:53,497 - __main__ - INFO - Model and artifacts loaded successfully
2025-06-15 23:44:54,808 - __main__ - INFO - Starting phishing URL detector...
2025-06-15 23:44:54,808 - __main__ - INFO - Loading model and artifacts...
2025-06-15 23:44:54,869 - absl - WARNING - Compiled the loaded model, but the compiled metrics have yet to be built. `model.compile_metrics` will be empty until you train or evaluate the model.
2025-06-15 23:44:54,883 - __main__ - INFO - Model and artifacts loaded successfully
2025-06-15 23:46:21,020 - __main__ - INFO - Starting phishing URL detector...
2025-06-15 23:46:21,021 - __main__ - INFO - Loading model and artifacts...
2025-06-15 23:46:21,083 - absl - WARNING - Compiled the loaded model, but the compiled metrics have yet to be built. `model.compile_metrics` will be empty until you train or evaluate the model.
2025-06-15 23:46:21,097 - __main__ - INFO - Model and artifacts loaded successfully
2025-06-15 23:46:29,331 - __main__ - INFO - Starting phishing URL detector...
2025-06-15 23:46:29,331 - __main__ - INFO - Loading model and artifacts...
2025-06-15 23:46:29,426 - absl - WARNING - Compiled the loaded model, but the compiled metrics have yet to be built. `model.compile_metrics` will be empty until you train or evaluate the model.
2025-06-15 23:46:29,444 - __main__ - INFO - Model and artifacts loaded successfully
2025-06-15 23:46:44,055 - __main__ - INFO - Starting phishing URL detector...
2025-06-15 23:46:44,055 - __main__ - INFO - Loading model and artifacts...
2025-06-15 23:46:44,125 - absl - WARNING - Compiled the loaded model, but the compiled metrics have yet to be built. `model.compile_metrics` will be empty until you train or evaluate the model.
2025-06-15 23:46:44,139 - __main__ - INFO - Model and artifacts loaded successfully
2025-06-15 23:46:45,693 - __main__ - INFO - Starting phishing URL detector...
2025-06-15 23:46:45,693 - __main__ - INFO - Loading model and artifacts...
2025-06-15 23:46:45,758 - absl - WARNING - Compiled the loaded model, but the compiled metrics have yet to be built. `model.compile_metrics` will be empty until you train or evaluate the model.
2025-06-15 23:46:45,771 - __main__ - INFO - Model and artifacts loaded successfully
2025-06-15 23:47:15,824 - __main__ - INFO - Starting phishing URL detector...
2025-06-15 23:47:15,824 - __main__ - INFO - Loading model and artifacts...
2025-06-15 23:47:15,898 - absl - WARNING - Compiled the loaded model, but the compiled metrics have yet to be built. `model.compile_metrics` will be empty until you train or evaluate the model.
2025-06-15 23:47:15,915 - __main__ - INFO - Model and artifacts loaded successfully
2025-06-15 23:47:17,201 - __main__ - INFO - Starting phishing URL detector...
2025-06-15 23:47:17,202 - __main__ - INFO - Loading model and artifacts...
2025-06-15 23:47:17,497 - absl - WARNING - Compiled the loaded model, but the compiled metrics have yet to be built. `model.compile_metrics` will be empty until you train or evaluate the model.
2025-06-15 23:47:17,512 - __main__ - INFO - Model and artifacts loaded successfully
2025-06-15 23:47:31,698 - __main__ - INFO - Starting phishing URL detector...
2025-06-15 23:47:31,698 - __main__ - INFO - Loading model and artifacts...
2025-06-15 23:47:31,753 - absl - WARNING - Compiled the loaded model, but the compiled metrics have yet to be built. `model.compile_metrics` will be empty until you train or evaluate the model.
2025-06-15 23:47:31,765 - __main__ - INFO - Model and artifacts loaded successfully
2025-06-15 23:48:15,948 - __main__ - INFO - Starting phishing URL detector...
2025-06-15 23:48:15,948 - __main__ - INFO - Loading model and artifacts...
2025-06-15 23:48:16,027 - absl - WARNING - Compiled the loaded model, but the compiled metrics have yet to be built. `model.compile_metrics` will be empty until you train or evaluate the model.
2025-06-15 23:48:16,044 - __main__ - INFO - Model and artifacts loaded successfully
2025-06-15 23:48:44,195 - __main__ - INFO - Starting phishing URL detector...
2025-06-15 23:48:44,196 - __main__ - INFO - Loading model and artifacts...
2025-06-15 23:48:44,258 - absl - WARNING - Compiled the loaded model, but the compiled metrics have yet to be built. `model.compile_metrics` will be empty until you train or evaluate the model.
2025-06-15 23:48:44,271 - __main__ - INFO - Model and artifacts loaded successfully
2025-06-15 23:48:58,687 - __main__ - INFO - Starting phishing URL detector...
2025-06-15 23:48:58,688 - __main__ - INFO - Loading model and artifacts...
2025-06-15 23:48:58,811 - absl - WARNING - Compiled the loaded model, but the compiled metrics have yet to be built. `model.compile_metrics` will be empty until you train or evaluate the model.
2025-06-15 23:48:58,829 - __main__ - INFO - Model and artifacts loaded successfully
2025-06-15 23:50:02,435 - __main__ - INFO - Starting phishing URL detector...
2025-06-15 23:50:02,435 - __main__ - INFO - Loading model and artifacts...
2025-06-15 23:50:02,519 - absl - WARNING - Compiled the loaded model, but the compiled metrics have yet to be built. `model.compile_metrics` will be empty until you train or evaluate the model.
2025-06-15 23:50:02,535 - __main__ - INFO - Model and artifacts loaded successfully
2025-06-15 23:50:04,485 - __main__ - INFO - Starting phishing URL detector...
2025-06-15 23:50:04,485 - __main__ - INFO - Loading model and artifacts...
2025-06-15 23:50:04,542 - absl - WARNING - Compiled the loaded model, but the compiled metrics have yet to be built. `model.compile_metrics` will be empty until you train or evaluate the model.
2025-06-15 23:50:04,554 - __main__ - INFO - Model and artifacts loaded successfully
2025-06-18 00:31:49,397 - __main__ - INFO - Starting phishing URL detector...
2025-06-18 00:31:49,401 - __main__ - INFO - Loading model and artifacts...
2025-06-18 00:31:49,562 - absl - WARNING - Compiled the loaded model, but the compiled metrics have yet to be built. `model.compile_metrics` will be empty until you train or evaluate the model.
2025-06-18 00:31:49,589 - __main__ - INFO - Model and artifacts loaded successfully
2025-06-18 00:32:32,871 - __main__ - INFO - Starting phishing URL detector...
2025-06-18 00:32:32,872 - __main__ - INFO - Loading model and artifacts...
2025-06-18 00:32:32,939 - absl - WARNING - Compiled the loaded model, but the compiled metrics have yet to be built. `model.compile_metrics` will be empty until you train or evaluate the model.
2025-06-18 00:32:32,955 - __main__ - INFO - Model and artifacts loaded successfully
2025-06-18 00:34:11,499 - __main__ - INFO - Starting phishing URL detector...
2025-06-18 00:34:11,499 - __main__ - INFO - Loading model and artifacts...
2025-06-18 00:34:11,578 - absl - WARNING - Compiled the loaded model, but the compiled metrics have yet to be built. `model.compile_metrics` will be empty until you train or evaluate the model.
2025-06-18 00:34:11,597 - __main__ - INFO - Model and artifacts loaded successfully
2025-06-18 00:38:05,110 - __main__ - INFO - Starting phishing URL detector...
2025-06-18 00:38:05,115 - __main__ - INFO - Loading model and artifacts...
2025-06-18 00:38:05,291 - absl - WARNING - Compiled the loaded model, but the compiled metrics have yet to be built. `model.compile_metrics` will be empty until you train or evaluate the model.
2025-06-18 00:38:05,319 - __main__ - INFO - Model and artifacts loaded successfully
2025-06-18 00:38:50,457 - __main__ - INFO - Starting phishing URL detector...
2025-06-18 00:38:50,458 - __main__ - INFO - Loading model and artifacts...
2025-06-18 00:38:50,524 - absl - WARNING - Compiled the loaded model, but the compiled metrics have yet to be built. `model.compile_metrics` will be empty until you train or evaluate the model.
2025-06-18 00:38:50,540 - __main__ - INFO - Model and artifacts loaded successfully
2025-06-18 00:44:36,283 - __main__ - INFO - Starting phishing URL detector...
2025-06-18 00:44:36,289 - __main__ - INFO - Loading model and artifacts...
2025-06-18 00:44:36,458 - absl - WARNING - Compiled the loaded model, but the compiled metrics have yet to be built. `model.compile_metrics` will be empty until you train or evaluate the model.
2025-06-18 00:44:36,486 - __main__ - INFO - Model and artifacts loaded successfully
2025-06-18 00:45:05,173 - __main__ - INFO - Starting phishing URL detector...
2025-06-18 00:45:05,174 - __main__ - INFO - Loading model and artifacts...
2025-06-18 00:45:05,238 - absl - WARNING - Compiled the loaded model, but the compiled metrics have yet to be built. `model.compile_metrics` will be empty until you train or evaluate the model.
2025-06-18 00:45:05,250 - __main__ - INFO - Model and artifacts loaded successfully
2025-06-18 00:50:09,309 - __main__ - INFO - Starting phishing URL detector...
2025-06-18 00:50:09,313 - __main__ - INFO - Loading model and artifacts...
2025-06-18 00:50:09,480 - absl - WARNING - Compiled the loaded model, but the compiled metrics have yet to be built. `model.compile_metrics` will be empty until you train or evaluate the model.
2025-06-18 00:50:09,503 - __main__ - INFO - Model and artifacts loaded successfully
2025-06-18 00:53:42,432 - __main__ - INFO - Starting phishing URL detector...
2025-06-18 00:53:42,432 - __main__ - INFO - Loading model and artifacts...
2025-06-18 00:53:42,555 - absl - WARNING - Compiled the loaded model, but the compiled metrics have yet to be built. `model.compile_metrics` will be empty until you train or evaluate the model.
2025-06-18 00:53:42,582 - __main__ - INFO - Model and artifacts loaded successfully
2025-06-18 00:58:33,131 - __main__ - INFO - Starting phishing URL detector...
2025-06-18 00:58:33,132 - __main__ - INFO - Loading model and artifacts...
2025-06-18 00:58:33,196 - absl - WARNING - Compiled the loaded model, but the compiled metrics have yet to be built. `model.compile_metrics` will be empty until you train or evaluate the model.
2025-06-18 00:58:33,212 - __main__ - INFO - Model and artifacts loaded successfully
2025-06-18 01:01:32,961 - __main__ - INFO - Starting phishing URL detector...
2025-06-18 01:01:32,966 - __main__ - INFO - Loading model and artifacts...
2025-06-18 01:01:33,140 - absl - WARNING - Compiled the loaded model, but the compiled metrics have yet to be built. `model.compile_metrics` will be empty until you train or evaluate the model.
2025-06-18 01:01:33,163 - __main__ - INFO - Model and artifacts loaded successfully
2025-06-18 01:14:17,669 - __main__ - INFO - Starting phishing URL detector...
2025-06-18 01:14:17,669 - __main__ - INFO - Loading model and artifacts...
2025-06-18 01:14:17,792 - absl - WARNING - Compiled the loaded model, but the compiled metrics have yet to be built. `model.compile_metrics` will be empty until you train or evaluate the model.
2025-06-18 01:14:17,821 - __main__ - INFO - Model and artifacts loaded successfully
2025-06-18 01:17:36,266 - __main__ - INFO - Starting phishing URL detector...
2025-06-18 01:17:36,267 - __main__ - INFO - Loading model and artifacts...
2025-06-18 01:17:36,418 - absl - WARNING - Compiled the loaded model, but the compiled metrics have yet to be built. `model.compile_metrics` will be empty until you train or evaluate the model.
2025-06-18 01:17:36,443 - __main__ - INFO - Model and artifacts loaded successfully
2025-06-18 01:30:35,414 - __main__ - INFO - Starting phishing URL detector...
2025-06-18 01:30:35,415 - __main__ - INFO - Loading model and artifacts...
2025-06-18 01:30:35,536 - absl - WARNING - Compiled the loaded model, but the compiled metrics have yet to be built. `model.compile_metrics` will be empty until you train or evaluate the model.
2025-06-18 01:30:35,564 - __main__ - INFO - Model and artifacts loaded successfully
2025-06-18 01:33:36,918 - __main__ - INFO - Starting phishing URL detector...
2025-06-18 01:33:36,923 - __main__ - INFO - Loading model and artifacts...
2025-06-18 01:33:37,131 - absl - WARNING - Compiled the loaded model, but the compiled metrics have yet to be built. `model.compile_metrics` will be empty until you train or evaluate the model.
2025-06-18 01:33:37,159 - __main__ - INFO - Model and artifacts loaded successfully
2025-06-18 01:34:12,704 - __main__ - INFO - Starting phishing URL detector...
2025-06-18 01:34:12,704 - __main__ - INFO - Loading model and artifacts...
2025-06-18 01:34:12,771 - absl - WARNING - Compiled the loaded model, but the compiled metrics have yet to be built. `model.compile_metrics` will be empty until you train or evaluate the model.
2025-06-18 01:34:12,785 - __main__ - INFO - Model and artifacts loaded successfully
2025-06-18 01:37:40,931 - __main__ - INFO - Starting phishing URL detector...
2025-06-18 01:37:40,931 - __main__ - INFO - Loading model and artifacts...
2025-06-18 01:37:41,000 - absl - WARNING - Compiled the loaded model, but the compiled metrics have yet to be built. `model.compile_metrics` will be empty until you train or evaluate the model.
2025-06-18 01:37:41,015 - __main__ - INFO - Model and artifacts loaded successfully
2025-06-18 01:51:24,871 - __main__ - INFO - Starting phishing URL detector...
2025-06-18 01:51:24,877 - __main__ - INFO - Loading model and artifacts...
2025-06-18 01:51:25,091 - absl - WARNING - Compiled the loaded model, but the compiled metrics have yet to be built. `model.compile_metrics` will be empty until you train or evaluate the model.
2025-06-18 01:51:25,119 - __main__ - INFO - Model and artifacts loaded successfully
2025-06-18 02:00:26,631 - __main__ - INFO - Starting phishing URL detector...
2025-06-18 02:00:26,642 - __main__ - INFO - Loading model and artifacts...
2025-06-18 02:00:26,807 - absl - WARNING - Compiled the loaded model, but the compiled metrics have yet to be built. `model.compile_metrics` will be empty until you train or evaluate the model.
2025-06-18 02:00:26,834 - __main__ - INFO - Model and artifacts loaded successfully
2025-06-18 02:08:22,567 - __main__ - INFO - Starting phishing URL detector...
2025-06-18 02:08:22,572 - __main__ - INFO - Loading model and artifacts...
2025-06-18 02:08:22,760 - absl - WARNING - Compiled the loaded model, but the compiled metrics have yet to be built. `model.compile_metrics` will be empty until you train or evaluate the model.
2025-06-18 02:08:22,787 - __main__ - INFO - Model and artifacts loaded successfully
2025-06-18 02:08:43,250 - __main__ - INFO - Starting phishing URL detector...
2025-06-18 02:08:43,251 - __main__ - INFO - Loading model and artifacts...
2025-06-18 02:08:43,328 - absl - WARNING - Compiled the loaded model, but the compiled metrics have yet to be built. `model.compile_metrics` will be empty until you train or evaluate the model.
2025-06-18 02:08:43,347 - __main__ - INFO - Model and artifacts loaded successfully
2025-06-18 02:09:17,000 - __main__ - INFO - Starting phishing URL detector...
2025-06-18 02:09:17,000 - __main__ - INFO - Loading model and artifacts...
2025-06-18 02:09:17,066 - absl - WARNING - Compiled the loaded model, but the compiled metrics have yet to be built. `model.compile_metrics` will be empty until you train or evaluate the model.
2025-06-18 02:09:17,080 - __main__ - INFO - Model and artifacts loaded successfully
2025-06-18 02:15:05,758 - __main__ - INFO - Starting phishing URL detector...
2025-06-18 02:15:05,758 - __main__ - INFO - Loading model and artifacts...
2025-06-18 02:15:05,907 - absl - WARNING - Compiled the loaded model, but the compiled metrics have yet to be built. `model.compile_metrics` will be empty until you train or evaluate the model.
2025-06-18 02:15:05,933 - __main__ - INFO - Model and artifacts loaded successfully
2025-06-18 02:15:56,509 - __main__ - INFO - Starting phishing URL detector...
2025-06-18 02:15:56,510 - __main__ - INFO - Loading model and artifacts...
2025-06-18 02:15:56,577 - absl - WARNING - Compiled the loaded model, but the compiled metrics have yet to be built. `model.compile_metrics` will be empty until you train or evaluate the model.
2025-06-18 02:15:56,591 - __main__ - INFO - Model and artifacts loaded successfully
2025-06-18 02:16:37,472 - __main__ - INFO - Starting phishing URL detector...
2025-06-18 02:16:37,472 - __main__ - INFO - Loading model and artifacts...
2025-06-18 02:16:37,540 - absl - WARNING - Compiled the loaded model, but the compiled metrics have yet to be built. `model.compile_metrics` will be empty until you train or evaluate the model.
2025-06-18 02:16:37,555 - __main__ - INFO - Model and artifacts loaded successfully
2025-06-18 02:19:43,008 - __main__ - INFO - Starting phishing URL detector...
2025-06-18 02:19:43,014 - __main__ - INFO - Loading model and artifacts...
2025-06-18 02:19:43,220 - absl - WARNING - Compiled the loaded model, but the compiled metrics have yet to be built. `model.compile_metrics` will be empty until you train or evaluate the model.
2025-06-18 02:19:43,246 - __main__ - INFO - Model and artifacts loaded successfully
2025-06-18 02:20:23,685 - __main__ - INFO - Starting phishing URL detector...
2025-06-18 02:20:23,685 - __main__ - INFO - Loading model and artifacts...
2025-06-18 02:20:23,778 - absl - WARNING - Compiled the loaded model, but the compiled metrics have yet to be built. `model.compile_metrics` will be empty until you train or evaluate the model.
2025-06-18 02:20:23,796 - __main__ - INFO - Model and artifacts loaded successfully
2025-06-18 02:20:52,296 - __main__ - INFO - Starting phishing URL detector...
2025-06-18 02:20:52,296 - __main__ - INFO - Loading model and artifacts...
2025-06-18 02:20:52,373 - absl - WARNING - Compiled the loaded model, but the compiled metrics have yet to be built. `model.compile_metrics` will be empty until you train or evaluate the model.
2025-06-18 02:20:52,387 - __main__ - INFO - Model and artifacts loaded successfully
2025-06-18 02:21:21,833 - __main__ - INFO - Starting phishing URL detector...
2025-06-18 02:21:21,834 - __main__ - INFO - Loading model and artifacts...
2025-06-18 02:21:21,910 - absl - WARNING - Compiled the loaded model, but the compiled metrics have yet to be built. `model.compile_metrics` will be empty until you train or evaluate the model.
2025-06-18 02:21:21,927 - __main__ - INFO - Model and artifacts loaded successfully
2025-06-18 02:21:51,801 - __main__ - INFO - Starting phishing URL detector...
2025-06-18 02:21:51,801 - __main__ - INFO - Loading model and artifacts...
2025-06-18 02:21:51,874 - absl - WARNING - Compiled the loaded model, but the compiled metrics have yet to be built. `model.compile_metrics` will be empty until you train or evaluate the model.
2025-06-18 02:21:51,890 - __main__ - INFO - Model and artifacts loaded successfully
2025-06-18 12:22:20,951 - __main__ - INFO - Starting phishing URL detector...
2025-06-18 12:22:20,955 - __main__ - INFO - Loading model and artifacts...
2025-06-18 12:22:21,279 - absl - WARNING - Compiled the loaded model, but the compiled metrics have yet to be built. `model.compile_metrics` will be empty until you train or evaluate the model.
2025-06-18 12:22:21,335 - __main__ - INFO - Model and artifacts loaded successfully
2025-06-18 12:22:40,228 - __main__ - INFO - Starting phishing URL detector...
2025-06-18 12:22:40,228 - __main__ - INFO - Loading model and artifacts...
2025-06-18 12:22:40,295 - absl - WARNING - Compiled the loaded model, but the compiled metrics have yet to be built. `model.compile_metrics` will be empty until you train or evaluate the model.
2025-06-18 12:22:40,310 - __main__ - INFO - Model and artifacts loaded successfully
2025-06-18 12:45:40,539 - __main__ - INFO - Starting phishing URL detector...
2025-06-18 12:45:40,546 - __main__ - INFO - Loading model and artifacts...
2025-06-18 12:45:41,096 - absl - WARNING - Compiled the loaded model, but the compiled metrics have yet to be built. `model.compile_metrics` will be empty until you train or evaluate the model.
2025-06-18 12:45:41,177 - __main__ - INFO - Model and artifacts loaded successfully
2025-06-18 16:40:25,486 - __main__ - INFO - Starting phishing URL detector...
2025-06-18 16:40:25,486 - __main__ - INFO - Loading model and artifacts...
2025-06-18 16:40:25,612 - absl - WARNING - Compiled the loaded model, but the compiled metrics have yet to be built. `model.compile_metrics` will be empty until you train or evaluate the model.
2025-06-18 16:40:25,639 - __main__ - INFO - Model and artifacts loaded successfully
2025-06-18 17:09:47,372 - __main__ - INFO - Starting phishing URL detector...
2025-06-18 17:09:47,375 - __main__ - INFO - Loading model and artifacts...
2025-06-18 17:09:47,569 - absl - WARNING - Compiled the loaded model, but the compiled metrics have yet to be built. `model.compile_metrics` will be empty until you train or evaluate the model.
2025-06-18 17:09:47,612 - __main__ - INFO - Model and artifacts loaded successfully
2025-06-18 17:10:30,171 - __main__ - INFO - Starting phishing URL detector...
2025-06-18 17:10:30,172 - __main__ - INFO - Loading model and artifacts...
2025-06-18 17:10:30,252 - absl - WARNING - Compiled the loaded model, but the compiled metrics have yet to be built. `model.compile_metrics` will be empty until you train or evaluate the model.
2025-06-18 17:10:30,270 - __main__ - INFO - Model and artifacts loaded successfully
2025-06-18 17:17:10,600 - __main__ - INFO - Starting phishing URL detector...
2025-06-18 17:17:10,604 - __main__ - INFO - Loading model and artifacts...
2025-06-18 17:17:10,795 - absl - WARNING - Compiled the loaded model, but the compiled metrics have yet to be built. `model.compile_metrics` will be empty until you train or evaluate the model.
2025-06-18 17:17:10,832 - __main__ - INFO - Model and artifacts loaded successfully
2025-06-18 17:17:59,630 - __main__ - INFO - Starting phishing URL detector...
2025-06-18 17:17:59,630 - __main__ - INFO - Loading model and artifacts...
2025-06-18 17:17:59,738 - absl - WARNING - Compiled the loaded model, but the compiled metrics have yet to be built. `model.compile_metrics` will be empty until you train or evaluate the model.
2025-06-18 17:17:59,754 - __main__ - INFO - Model and artifacts loaded successfully
2025-06-18 17:33:22,228 - __main__ - INFO - Starting phishing URL detector...
2025-06-18 17:33:22,231 - __main__ - INFO - Loading model and artifacts...
2025-06-18 17:33:22,414 - absl - WARNING - Compiled the loaded model, but the compiled metrics have yet to be built. `model.compile_metrics` will be empty until you train or evaluate the model.
2025-06-18 17:33:22,450 - __main__ - INFO - Model and artifacts loaded successfully
2025-06-18 17:34:03,077 - __main__ - INFO - Starting phishing URL detector...
2025-06-18 17:34:03,077 - __main__ - INFO - Loading model and artifacts...
2025-06-18 17:34:03,151 - absl - WARNING - Compiled the loaded model, but the compiled metrics have yet to be built. `model.compile_metrics` will be empty until you train or evaluate the model.
2025-06-18 17:34:03,165 - __main__ - INFO - Model and artifacts loaded successfully
2025-06-18 17:34:31,703 - __main__ - INFO - Starting phishing URL detector...
2025-06-18 17:34:31,703 - __main__ - INFO - Loading model and artifacts...
2025-06-18 17:34:31,772 - absl - WARNING - Compiled the loaded model, but the compiled metrics have yet to be built. `model.compile_metrics` will be empty until you train or evaluate the model.
2025-06-18 17:34:31,786 - __main__ - INFO - Model and artifacts loaded successfully
2025-06-18 17:36:26,497 - __main__ - INFO - Starting phishing URL detector...
2025-06-18 17:36:26,498 - __main__ - INFO - Loading model and artifacts...
2025-06-18 17:36:26,566 - absl - WARNING - Compiled the loaded model, but the compiled metrics have yet to be built. `model.compile_metrics` will be empty until you train or evaluate the model.
2025-06-18 17:36:26,582 - __main__ - INFO - Model and artifacts loaded successfully
2025-06-18 17:36:43,910 - __main__ - INFO - Starting phishing URL detector...
2025-06-18 17:36:43,910 - __main__ - INFO - Loading model and artifacts...
2025-06-18 17:36:43,977 - absl - WARNING - Compiled the loaded model, but the compiled metrics have yet to be built. `model.compile_metrics` will be empty until you train or evaluate the model.
2025-06-18 17:36:43,993 - __main__ - INFO - Model and artifacts loaded successfully
2025-06-18 17:40:25,550 - __main__ - INFO - Starting phishing URL detector...
2025-06-18 17:40:25,550 - __main__ - INFO - Loading model and artifacts...
2025-06-18 17:40:25,620 - absl - WARNING - Compiled the loaded model, but the compiled metrics have yet to be built. `model.compile_metrics` will be empty until you train or evaluate the model.
2025-06-18 17:40:25,634 - __main__ - INFO - Model and artifacts loaded successfully
2025-06-18 17:43:08,431 - __main__ - INFO - Starting phishing URL detector...
2025-06-18 17:43:08,431 - __main__ - INFO - Loading model and artifacts...
2025-06-18 17:43:08,497 - absl - WARNING - Compiled the loaded model, but the compiled metrics have yet to be built. `model.compile_metrics` will be empty until you train or evaluate the model.
2025-06-18 17:43:08,511 - __main__ - INFO - Model and artifacts loaded successfully
2025-06-18 17:43:46,057 - __main__ - INFO - Starting phishing URL detector...
2025-06-18 17:43:46,057 - __main__ - INFO - Loading model and artifacts...
2025-06-18 17:43:46,128 - absl - WARNING - Compiled the loaded model, but the compiled metrics have yet to be built. `model.compile_metrics` will be empty until you train or evaluate the model.
2025-06-18 17:43:46,144 - __main__ - INFO - Model and artifacts loaded successfully
2025-06-18 18:26:38,345 - __main__ - INFO - Starting phishing URL detector...
2025-06-18 18:26:38,350 - __main__ - INFO - Loading model and artifacts...
2025-06-18 18:26:38,835 - absl - WARNING - Compiled the loaded model, but the compiled metrics have yet to be built. `model.compile_metrics` will be empty until you train or evaluate the model.
2025-06-18 18:26:38,912 - __main__ - INFO - Model and artifacts loaded successfully
2025-06-18 18:28:09,197 - __main__ - INFO - Starting phishing URL detector...
2025-06-18 18:28:09,197 - __main__ - INFO - Loading model and artifacts...
2025-06-18 18:28:09,292 - absl - WARNING - Compiled the loaded model, but the compiled metrics have yet to be built. `model.compile_metrics` will be empty until you train or evaluate the model.
2025-06-18 18:28:09,310 - __main__ - INFO - Model and artifacts loaded successfully
2025-06-18 18:33:12,407 - __main__ - INFO - Starting phishing URL detector...
2025-06-18 18:33:12,407 - __main__ - INFO - Loading model and artifacts...
2025-06-18 18:33:12,569 - absl - WARNING - Compiled the loaded model, but the compiled metrics have yet to be built. `model.compile_metrics` will be empty until you train or evaluate the model.
2025-06-18 18:33:12,594 - __main__ - INFO - Model and artifacts loaded successfully
2025-06-18 18:43:23,317 - __main__ - INFO - Starting phishing URL detector...
2025-06-18 18:43:23,318 - __main__ - INFO - Loading model and artifacts...
2025-06-18 18:43:23,486 - absl - WARNING - Compiled the loaded model, but the compiled metrics have yet to be built. `model.compile_metrics` will be empty until you train or evaluate the model.
2025-06-18 18:43:23,529 - __main__ - INFO - Model and artifacts loaded successfully
2025-06-18 18:45:21,099 - __main__ - INFO - Starting phishing URL detector...
2025-06-18 18:45:21,101 - __main__ - INFO - Loading model and artifacts...
2025-06-18 18:45:21,359 - absl - WARNING - Compiled the loaded model, but the compiled metrics have yet to be built. `model.compile_metrics` will be empty until you train or evaluate the model.
2025-06-18 18:45:21,393 - __main__ - INFO - Model and artifacts loaded successfully
2025-06-18 18:46:19,216 - __main__ - INFO - Starting phishing URL detector...
2025-06-18 18:46:19,217 - __main__ - INFO - Loading model and artifacts...
2025-06-18 18:46:19,302 - absl - WARNING - Compiled the loaded model, but the compiled metrics have yet to be built. `model.compile_metrics` will be empty until you train or evaluate the model.
2025-06-18 18:46:19,320 - __main__ - INFO - Model and artifacts loaded successfully
2025-06-18 18:46:19,320 - __main__ - WARNING - Error parsing domain from www.dgdfwepk-[;sds.aw/com: Invalid IPv6 URL
2025-06-18 18:46:19,320 - __main__ - WARNING - Error parsing domain from www.dgdfwepk-[;sds.aw/com: Invalid IPv6 URL
2025-06-18 18:46:19,320 - __main__ - ERROR - Error extracting features from URL http://www.dgdfwepk-[;sds.aw/com: Invalid IPv6 URL
2025-06-18 18:46:19,320 - __main__ - WARNING - Error parsing domain from www.dgdfwepk-[;sds.aw/com: Invalid IPv6 URL
2025-06-18 18:46:19,442 - __main__ - WARNING - Error parsing domain from www.dgdfwepk-[;sds.aw/com: Invalid IPv6 URL
2025-06-18 18:46:40,313 - __main__ - INFO - Starting phishing URL detector...
2025-06-18 18:46:40,313 - __main__ - INFO - Loading model and artifacts...
2025-06-18 18:46:40,383 - absl - WARNING - Compiled the loaded model, but the compiled metrics have yet to be built. `model.compile_metrics` will be empty until you train or evaluate the model.
2025-06-18 18:46:40,399 - __main__ - INFO - Model and artifacts loaded successfully
2025-06-18 18:51:10,420 - __main__ - INFO - Starting phishing URL detector...
2025-06-18 18:51:10,420 - __main__ - INFO - Loading model and artifacts...
2025-06-18 18:51:10,572 - absl - WARNING - Compiled the loaded model, but the compiled metrics have yet to be built. `model.compile_metrics` will be empty until you train or evaluate the model.
2025-06-18 18:51:10,602 - __main__ - INFO - Model and artifacts loaded successfully
2025-06-18 18:56:50,290 - __main__ - INFO - Starting phishing URL detector...
2025-06-18 18:56:50,294 - __main__ - INFO - Loading model and artifacts...
2025-06-18 18:56:50,750 - absl - WARNING - Compiled the loaded model, but the compiled metrics have yet to be built. `model.compile_metrics` will be empty until you train or evaluate the model.
2025-06-18 18:56:50,870 - __main__ - INFO - Model and artifacts loaded successfully
2025-06-18 19:08:05,781 - __main__ - INFO - Starting phishing URL detector...
2025-06-18 19:08:05,782 - __main__ - INFO - Loading model and artifacts...
2025-06-18 19:08:06,234 - absl - WARNING - Compiled the loaded model, but the compiled metrics have yet to be built. `model.compile_metrics` will be empty until you train or evaluate the model.
2025-06-18 19:08:06,300 - __main__ - INFO - Model and artifacts loaded successfully
2025-06-18 19:10:25,495 - __main__ - INFO - Starting phishing URL detector...
2025-06-18 19:10:25,497 - __main__ - INFO - Loading model and artifacts...
2025-06-18 19:10:25,625 - absl - WARNING - Compiled the loaded model, but the compiled metrics have yet to be built. `model.compile_metrics` will be empty until you train or evaluate the model.
2025-06-18 19:10:25,652 - __main__ - INFO - Model and artifacts loaded successfully
2025-06-18 19:11:04,608 - __main__ - INFO - Starting phishing URL detector...
2025-06-18 19:11:04,609 - __main__ - INFO - Loading model and artifacts...
2025-06-18 19:11:04,719 - absl - WARNING - Compiled the loaded model, but the compiled metrics have yet to be built. `model.compile_metrics` will be empty until you train or evaluate the model.
2025-06-18 19:11:04,744 - __main__ - INFO - Model and artifacts loaded successfully
2025-06-18 19:19:35,568 - __main__ - INFO - Starting phishing URL detector...
2025-06-18 19:19:35,573 - __main__ - INFO - Loading model and artifacts...
2025-06-18 19:19:35,939 - absl - WARNING - Compiled the loaded model, but the compiled metrics have yet to be built. `model.compile_metrics` will be empty until you train or evaluate the model.
2025-06-18 19:19:36,003 - __main__ - INFO - Model and artifacts loaded successfully
2025-06-18 19:20:38,672 - __main__ - INFO - Starting phishing URL detector...
2025-06-18 19:20:38,673 - __main__ - INFO - Loading model and artifacts...
2025-06-18 19:20:38,785 - absl - WARNING - Compiled the loaded model, but the compiled metrics have yet to be built. `model.compile_metrics` will be empty until you train or evaluate the model.
2025-06-18 19:20:38,812 - __main__ - INFO - Model and artifacts loaded successfully
2025-06-18 19:22:42,212 - __main__ - INFO - Starting phishing URL detector...
2025-06-18 19:22:42,213 - __main__ - INFO - Loading model and artifacts...
2025-06-18 19:22:42,377 - absl - WARNING - Compiled the loaded model, but the compiled metrics have yet to be built. `model.compile_metrics` will be empty until you train or evaluate the model.
2025-06-18 19:22:42,401 - __main__ - INFO - Model and artifacts loaded successfully
2025-06-18 19:24:56,450 - __main__ - INFO - Starting phishing URL detector...
2025-06-18 19:24:56,451 - __main__ - INFO - Loading model and artifacts...
2025-06-18 19:24:56,587 - absl - WARNING - Compiled the loaded model, but the compiled metrics have yet to be built. `model.compile_metrics` will be empty until you train or evaluate the model.
2025-06-18 19:24:56,613 - __main__ - INFO - Model and artifacts loaded successfully
2025-06-18 19:49:45,839 - __main__ - INFO - Starting phishing URL detector...
2025-06-18 19:49:45,840 - __main__ - INFO - Loading model and artifacts...
2025-06-18 19:49:45,988 - absl - WARNING - Compiled the loaded model, but the compiled metrics have yet to be built. `model.compile_metrics` will be empty until you train or evaluate the model.
2025-06-18 19:49:46,019 - __main__ - INFO - Model and artifacts loaded successfully
2025-06-18 19:50:16,491 - __main__ - INFO - Starting phishing URL detector...
2025-06-18 19:50:16,491 - __main__ - INFO - Loading model and artifacts...
2025-06-18 19:50:16,557 - absl - WARNING - Compiled the loaded model, but the compiled metrics have yet to be built. `model.compile_metrics` will be empty until you train or evaluate the model.
2025-06-18 19:50:16,572 - __main__ - INFO - Model and artifacts loaded successfully
2025-06-18 20:03:16,981 - __main__ - INFO - Starting phishing URL detector...
2025-06-18 20:03:16,986 - __main__ - INFO - Loading model and artifacts...
2025-06-18 20:03:17,174 - absl - WARNING - Compiled the loaded model, but the compiled metrics have yet to be built. `model.compile_metrics` will be empty until you train or evaluate the model.
2025-06-18 20:03:17,206 - __main__ - INFO - Model and artifacts loaded successfully
2025-06-18 20:12:59,499 - __main__ - INFO - Starting phishing URL detector...
2025-06-18 20:12:59,506 - __main__ - INFO - Loading model and artifacts...
2025-06-18 20:12:59,689 - absl - WARNING - Compiled the loaded model, but the compiled metrics have yet to be built. `model.compile_metrics` will be empty until you train or evaluate the model.
2025-06-18 20:12:59,717 - __main__ - INFO - Model and artifacts loaded successfully
2025-06-18 20:13:33,173 - __main__ - INFO - Starting phishing URL detector...
2025-06-18 20:13:33,174 - __main__ - INFO - Loading model and artifacts...
2025-06-18 20:13:33,251 - absl - WARNING - Compiled the loaded model, but the compiled metrics have yet to be built. `model.compile_metrics` will be empty until you train or evaluate the model.
2025-06-18 20:13:33,270 - __main__ - INFO - Model and artifacts loaded successfully
2025-06-18 20:13:53,812 - __main__ - INFO - Starting phishing URL detector...
2025-06-18 20:13:53,813 - __main__ - INFO - Loading model and artifacts...
2025-06-18 20:13:53,885 - absl - WARNING - Compiled the loaded model, but the compiled metrics have yet to be built. `model.compile_metrics` will be empty until you train or evaluate the model.
2025-06-18 20:13:53,900 - __main__ - INFO - Model and artifacts loaded successfully
2025-06-18 20:14:54,571 - __main__ - INFO - Starting phishing URL detector...
2025-06-18 20:14:54,572 - __main__ - INFO - Loading model and artifacts...
2025-06-18 20:14:54,745 - absl - WARNING - Compiled the loaded model, but the compiled metrics have yet to be built. `model.compile_metrics` will be empty until you train or evaluate the model.
2025-06-18 20:14:54,762 - __main__ - INFO - Model and artifacts loaded successfully
2025-06-18 23:37:18,978 - __main__ - INFO - Starting phishing URL detector...
2025-06-18 23:37:18,980 - __main__ - INFO - Loading model and artifacts...
2025-06-18 23:37:19,201 - absl - WARNING - Compiled the loaded model, but the compiled metrics have yet to be built. `model.compile_metrics` will be empty until you train or evaluate the model.
2025-06-18 23:37:19,235 - __main__ - INFO - Model and artifacts loaded successfully
2025-06-18 23:37:33,433 - __main__ - INFO - Starting phishing URL detector...
2025-06-18 23:37:33,434 - __main__ - INFO - Loading model and artifacts...
2025-06-18 23:37:33,502 - absl - WARNING - Compiled the loaded model, but the compiled metrics have yet to be built. `model.compile_metrics` will be empty until you train or evaluate the model.
2025-06-18 23:37:33,517 - __main__ - INFO - Model and artifacts loaded successfully
2025-06-18 23:40:53,798 - __main__ - INFO - Starting phishing URL detector...
2025-06-18 23:40:53,801 - __main__ - INFO - Loading model and artifacts...
2025-06-18 23:40:54,097 - absl - WARNING - Compiled the loaded model, but the compiled metrics have yet to be built. `model.compile_metrics` will be empty until you train or evaluate the model.
2025-06-18 23:40:54,154 - __main__ - INFO - Model and artifacts loaded successfully
2025-06-18 23:51:04,253 - __main__ - INFO - Starting phishing URL detector...
2025-06-18 23:51:04,255 - __main__ - INFO - Loading model and artifacts...
2025-06-18 23:51:04,417 - absl - WARNING - Compiled the loaded model, but the compiled metrics have yet to be built. `model.compile_metrics` will be empty until you train or evaluate the model.
2025-06-18 23:51:04,451 - __main__ - INFO - Model and artifacts loaded successfully
2025-06-18 23:57:06,482 - __main__ - INFO - Starting phishing URL detector...
2025-06-18 23:57:06,482 - __main__ - INFO - Loading model and artifacts...
2025-06-18 23:57:06,638 - absl - WARNING - Compiled the loaded model, but the compiled metrics have yet to be built. `model.compile_metrics` will be empty until you train or evaluate the model.
2025-06-18 23:57:06,669 - __main__ - INFO - Model and artifacts loaded successfully
2025-06-18 23:57:28,742 - __main__ - INFO - Starting phishing URL detector...
2025-06-18 23:57:28,743 - __main__ - INFO - Loading model and artifacts...
2025-06-18 23:57:28,819 - absl - WARNING - Compiled the loaded model, but the compiled metrics have yet to be built. `model.compile_metrics` will be empty until you train or evaluate the model.
2025-06-18 23:57:28,836 - __main__ - INFO - Model and artifacts loaded successfully
2025-06-18 23:57:50,665 - __main__ - INFO - Starting phishing URL detector...
2025-06-18 23:57:50,665 - __main__ - INFO - Loading model and artifacts...
2025-06-18 23:57:50,743 - absl - WARNING - Compiled the loaded model, but the compiled metrics have yet to be built. `model.compile_metrics` will be empty until you train or evaluate the model.
2025-06-18 23:57:50,758 - __main__ - INFO - Model and artifacts loaded successfully
2025-06-18 23:58:10,908 - __main__ - INFO - Starting phishing URL detector...
2025-06-18 23:58:10,909 - __main__ - INFO - Loading model and artifacts...
2025-06-18 23:58:10,997 - absl - WARNING - Compiled the loaded model, but the compiled metrics have yet to be built. `model.compile_metrics` will be empty until you train or evaluate the model.
2025-06-18 23:58:11,019 - __main__ - INFO - Model and artifacts loaded successfully
2025-06-19 00:13:10,095 - __main__ - INFO - Starting phishing URL detector...
2025-06-19 00:13:10,095 - __main__ - INFO - Loading model and artifacts...
2025-06-19 00:13:10,386 - absl - WARNING - Compiled the loaded model, but the compiled metrics have yet to be built. `model.compile_metrics` will be empty until you train or evaluate the model.
2025-06-19 00:13:10,444 - __main__ - INFO - Model and artifacts loaded successfully
2025-06-19 00:26:22,409 - __main__ - INFO - Starting phishing URL detector...
2025-06-19 00:26:22,415 - __main__ - INFO - Loading model and artifacts...
2025-06-19 00:26:22,588 - absl - WARNING - Compiled the loaded model, but the compiled metrics have yet to be built. `model.compile_metrics` will be empty until you train or evaluate the model.
2025-06-19 00:26:22,618 - __main__ - INFO - Model and artifacts loaded successfully
2025-06-19 00:26:45,125 - __main__ - INFO - Starting phishing URL detector...
2025-06-19 00:26:45,125 - __main__ - INFO - Loading model and artifacts...
2025-06-19 00:26:45,198 - absl - WARNING - Compiled the loaded model, but the compiled metrics have yet to be built. `model.compile_metrics` will be empty until you train or evaluate the model.
2025-06-19 00:26:45,211 - __main__ - INFO - Model and artifacts loaded successfully
2025-06-19 00:26:57,566 - __main__ - INFO - Starting phishing URL detector...
2025-06-19 00:26:57,566 - __main__ - INFO - Loading model and artifacts...
2025-06-19 00:26:57,637 - absl - WARNING - Compiled the loaded model, but the compiled metrics have yet to be built. `model.compile_metrics` will be empty until you train or evaluate the model.
2025-06-19 00:26:57,654 - __main__ - INFO - Model and artifacts loaded successfully
2025-06-19 00:51:46,518 - __main__ - INFO - Starting phishing URL detector...
2025-06-19 00:51:46,530 - __main__ - INFO - Loading model and artifacts...
2025-06-19 00:51:46,778 - absl - WARNING - Compiled the loaded model, but the compiled metrics have yet to be built. `model.compile_metrics` will be empty until you train or evaluate the model.
2025-06-19 00:51:46,814 - __main__ - INFO - Model and artifacts loaded successfully
2025-06-19 00:52:27,248 - __main__ - INFO - Starting phishing URL detector...
2025-06-19 00:52:27,248 - __main__ - INFO - Loading model and artifacts...
2025-06-19 00:52:27,376 - absl - WARNING - Compiled the loaded model, but the compiled metrics have yet to be built. `model.compile_metrics` will be empty until you train or evaluate the model.
2025-06-19 00:52:27,400 - __main__ - INFO - Model and artifacts loaded successfully
2025-06-19 01:29:12,967 - __main__ - INFO - Starting phishing URL detector...
2025-06-19 01:29:12,972 - __main__ - INFO - Loading model and artifacts...
2025-06-19 01:29:13,228 - absl - WARNING - Compiled the loaded model, but the compiled metrics have yet to be built. `model.compile_metrics` will be empty until you train or evaluate the model.
2025-06-19 01:29:13,268 - __main__ - INFO - Model and artifacts loaded successfully
2025-06-19 01:38:37,040 - __main__ - INFO - Starting phishing URL detector...
2025-06-19 01:38:37,045 - __main__ - INFO - Loading model and artifacts...
2025-06-19 01:38:37,213 - absl - WARNING - Compiled the loaded model, but the compiled metrics have yet to be built. `model.compile_metrics` will be empty until you train or evaluate the model.
2025-06-19 01:38:37,240 - __main__ - INFO - Model and artifacts loaded successfully
2025-06-19 01:38:57,005 - __main__ - INFO - Starting phishing URL detector...
2025-06-19 01:38:57,005 - __main__ - INFO - Loading model and artifacts...
2025-06-19 01:38:57,078 - absl - WARNING - Compiled the loaded model, but the compiled metrics have yet to be built. `model.compile_metrics` will be empty until you train or evaluate the model.
2025-06-19 01:38:57,094 - __main__ - INFO - Model and artifacts loaded successfully
2025-06-19 02:23:42,427 - __main__ - INFO - Starting phishing URL detector...
2025-06-19 02:23:42,432 - __main__ - INFO - Loading model and artifacts...
2025-06-19 02:23:42,645 - absl - WARNING - Compiled the loaded model, but the compiled metrics have yet to be built. `model.compile_metrics` will be empty until you train or evaluate the model.
2025-06-19 02:23:42,675 - __main__ - INFO - Model and artifacts loaded successfully
2025-06-19 02:34:56,304 - __main__ - INFO - Starting phishing URL detector...
2025-06-19 02:34:56,305 - __main__ - INFO - Loading model and artifacts...
2025-06-19 02:34:56,431 - absl - WARNING - Compiled the loaded model, but the compiled metrics have yet to be built. `model.compile_metrics` will be empty until you train or evaluate the model.
2025-06-19 02:34:56,460 - __main__ - INFO - Model and artifacts loaded successfully
2025-06-19 02:35:12,459 - __main__ - INFO - Starting phishing URL detector...
2025-06-19 02:35:12,459 - __main__ - INFO - Loading model and artifacts...
2025-06-19 02:35:12,532 - absl - WARNING - Compiled the loaded model, but the compiled metrics have yet to be built. `model.compile_metrics` will be empty until you train or evaluate the model.
2025-06-19 02:35:12,545 - __main__ - INFO - Model and artifacts loaded successfully
2025-06-19 02:35:24,233 - __main__ - INFO - Starting phishing URL detector...
2025-06-19 02:35:24,233 - __main__ - INFO - Loading model and artifacts...
2025-06-19 02:35:24,310 - absl - WARNING - Compiled the loaded model, but the compiled metrics have yet to be built. `model.compile_metrics` will be empty until you train or evaluate the model.
2025-06-19 02:35:24,326 - __main__ - INFO - Model and artifacts loaded successfully
2025-06-19 02:35:45,276 - __main__ - INFO - Starting phishing URL detector...
2025-06-19 02:35:45,276 - __main__ - INFO - Loading model and artifacts...
2025-06-19 02:35:45,357 - absl - WARNING - Compiled the loaded model, but the compiled metrics have yet to be built. `model.compile_metrics` will be empty until you train or evaluate the model.
2025-06-19 02:35:45,373 - __main__ - INFO - Model and artifacts loaded successfully
2025-06-19 02:38:41,951 - __main__ - INFO - Starting phishing URL detector...
2025-06-19 02:38:41,957 - __main__ - INFO - Loading model and artifacts...
2025-06-19 02:38:42,146 - absl - WARNING - Compiled the loaded model, but the compiled metrics have yet to be built. `model.compile_metrics` will be empty until you train or evaluate the model.
2025-06-19 02:38:42,176 - __main__ - INFO - Model and artifacts loaded successfully
2025-06-19 02:44:14,636 - __main__ - INFO - Starting phishing URL detector...
2025-06-19 02:44:14,643 - __main__ - INFO - Loading model and artifacts...
2025-06-19 02:44:14,871 - absl - WARNING - Compiled the loaded model, but the compiled metrics have yet to be built. `model.compile_metrics` will be empty until you train or evaluate the model.
2025-06-19 02:44:14,908 - __main__ - INFO - Model and artifacts loaded successfully
2025-06-19 07:57:40,028 - __main__ - INFO - Starting phishing URL detector...
2025-06-19 07:57:40,033 - __main__ - INFO - Loading model and artifacts...
2025-06-19 07:57:40,293 - absl - WARNING - Compiled the loaded model, but the compiled metrics have yet to be built. `model.compile_metrics` will be empty until you train or evaluate the model.
2025-06-19 07:57:40,338 - __main__ - INFO - Model and artifacts loaded successfully
2025-06-19 07:57:40,339 - __main__ - WARNING - Invalid domain format: http from URL: http//gehu.ac.in
2025-06-19 07:57:40,339 - __main__ - WARNING - Invalid domain format: http from URL: http//gehu.ac.in
2025-06-19 07:57:40,339 - __main__ - WARNING - Invalid domain format: http from URL: http://http//gehu.ac.in
2025-06-19 07:57:40,340 - __main__ - WARNING - Invalid domain format: http from URL: http//gehu.ac.in
2025-06-19 07:57:41,079 - __main__ - WARNING - Invalid domain format: http from URL: http//gehu.ac.in
2025-06-19 07:58:16,141 - __main__ - INFO - Starting phishing URL detector...
2025-06-19 07:58:16,141 - __main__ - INFO - Loading model and artifacts...
2025-06-19 07:58:16,219 - absl - WARNING - Compiled the loaded model, but the compiled metrics have yet to be built. `model.compile_metrics` will be empty until you train or evaluate the model.
2025-06-19 07:58:16,237 - __main__ - INFO - Model and artifacts loaded successfully
2025-06-19 07:58:37,463 - __main__ - INFO - Starting phishing URL detector...
2025-06-19 07:58:37,464 - __main__ - INFO - Loading model and artifacts...
2025-06-19 07:58:37,651 - absl - WARNING - Compiled the loaded model, but the compiled metrics have yet to be built. `model.compile_metrics` will be empty until you train or evaluate the model.
2025-06-19 07:58:37,682 - __main__ - INFO - Model and artifacts loaded successfully
2025-06-19 08:08:22,518 - __main__ - INFO - Starting phishing URL detector...
2025-06-19 08:08:22,524 - __main__ - INFO - Loading model and artifacts...
2025-06-19 08:08:22,985 - absl - WARNING - Compiled the loaded model, but the compiled metrics have yet to be built. `model.compile_metrics` will be empty until you train or evaluate the model.
2025-06-19 08:08:23,058 - __main__ - INFO - Model and artifacts loaded successfully
2025-06-19 08:08:23,059 - __main__ - WARNING - Invalid domain format: 192.168.1.1 from URL: http://192.168.1.1/login
2025-06-19 08:08:23,059 - __main__ - WARNING - Invalid domain format: 192.168.1.1 from URL: http://192.168.1.1/login
2025-06-19 08:08:23,060 - __main__ - WARNING - Invalid domain format: 192.168.1.1 from URL: http://192.168.1.1/login
2025-06-19 08:08:23,061 - __main__ - WARNING - Invalid domain format: 192.168.1.1 from URL: http://192.168.1.1/login
2025-06-19 08:08:23,690 - __main__ - WARNING - Invalid domain format: 192.168.1.1 from URL: http://192.168.1.1/login
2025-06-19 08:08:53,863 - __main__ - INFO - Starting phishing URL detector...
2025-06-19 08:08:53,865 - __main__ - INFO - Loading model and artifacts...
2025-06-19 08:08:53,960 - absl - WARNING - Compiled the loaded model, but the compiled metrics have yet to be built. `model.compile_metrics` will be empty until you train or evaluate the model.
2025-06-19 08:08:53,977 - __main__ - INFO - Model and artifacts loaded successfully
2025-06-19 08:12:04,336 - __main__ - INFO - Starting phishing URL detector...
2025-06-19 08:12:04,341 - __main__ - INFO - Loading model and artifacts...
2025-06-19 08:12:04,663 - absl - WARNING - Compiled the loaded model, but the compiled metrics have yet to be built. `model.compile_metrics` will be empty until you train or evaluate the model.
2025-06-19 08:12:04,705 - __main__ - INFO - Model and artifacts loaded successfully
2025-06-19 08:18:37,594 - __main__ - INFO - Starting phishing URL detector...
2025-06-19 08:18:37,599 - __main__ - INFO - Loading model and artifacts...
2025-06-19 08:18:37,813 - absl - WARNING - Compiled the loaded model, but the compiled metrics have yet to be built. `model.compile_metrics` will be empty until you train or evaluate the model.
2025-06-19 08:18:37,841 - __main__ - INFO - Model and artifacts loaded successfully
2025-06-19 08:19:16,845 - __main__ - INFO - Starting phishing URL detector...
2025-06-19 08:19:16,846 - __main__ - INFO - Loading model and artifacts...
2025-06-19 08:19:16,922 - absl - WARNING - Compiled the loaded model, but the compiled metrics have yet to be built. `model.compile_metrics` will be empty until you train or evaluate the model.
2025-06-19 08:19:16,937 - __main__ - INFO - Model and artifacts loaded successfully
2025-06-19 08:43:58,401 - __main__ - INFO - Starting phishing URL detector...
2025-06-19 08:43:58,449 - __main__ - INFO - Loading model and artifacts...
2025-06-19 08:44:00,384 - absl - WARNING - Compiled the loaded model, but the compiled metrics have yet to be built. `model.compile_metrics` will be empty until you train or evaluate the model.
2025-06-19 08:44:00,452 - __main__ - INFO - Model and artifacts loaded successfully
2025-06-19 10:01:15,832 - __main__ - INFO - Starting phishing URL detector...
2025-06-19 10:01:15,840 - __main__ - INFO - Loading model and artifacts...
2025-06-19 10:01:16,066 - absl - WARNING - Compiled the loaded model, but the compiled metrics have yet to be built. `model.compile_metrics` will be empty until you train or evaluate the model.
2025-06-19 10:01:16,097 - __main__ - INFO - Model and artifacts loaded successfully
2025-06-19 10:22:52,453 - __main__ - INFO - Starting phishing URL detector...
2025-06-19 10:22:52,463 - __main__ - INFO - Loading model and artifacts...
2025-06-19 10:22:52,642 - absl - WARNING - Compiled the loaded model, but the compiled metrics have yet to be built. `model.compile_metrics` will be empty until you train or evaluate the model.
2025-06-19 10:22:52,669 - __main__ - INFO - Model and artifacts loaded successfully
2025-06-19 10:23:21,327 - __main__ - INFO - Starting phishing URL detector...
2025-06-19 10:23:21,327 - __main__ - INFO - Loading model and artifacts...
2025-06-19 10:23:21,397 - absl - WARNING - Compiled the loaded model, but the compiled metrics have yet to be built. `model.compile_metrics` will be empty until you train or evaluate the model.
2025-06-19 10:23:21,412 - __main__ - INFO - Model and artifacts loaded successfully
2025-06-19 10:23:21,412 - __main__ - WARNING - Invalid domain format: http from URL: http//gehu.com
2025-06-19 10:23:21,412 - __main__ - WARNING - Invalid domain format: http from URL: http//gehu.com
2025-06-19 10:23:21,412 - __main__ - WARNING - Invalid domain format: http from URL: http://http//gehu.com
2025-06-19 10:23:21,412 - __main__ - WARNING - Invalid domain format: http from URL: http//gehu.com
2025-06-19 10:23:21,770 - __main__ - WARNING - Invalid domain format: http from URL: http//gehu.com
2025-06-19 10:23:53,384 - __main__ - INFO - Starting phishing URL detector...
2025-06-19 10:23:53,384 - __main__ - INFO - Loading model and artifacts...
2025-06-19 10:23:53,457 - absl - WARNING - Compiled the loaded model, but the compiled metrics have yet to be built. `model.compile_metrics` will be empty until you train or evaluate the model.
2025-06-19 10:23:53,473 - __main__ - INFO - Model and artifacts loaded successfully
2025-06-19 10:24:28,977 - __main__ - INFO - Starting phishing URL detector...
2025-06-19 10:24:28,977 - __main__ - INFO - Loading model and artifacts...
2025-06-19 10:24:29,062 - absl - WARNING - Compiled the loaded model, but the compiled metrics have yet to be built. `model.compile_metrics` will be empty until you train or evaluate the model.
2025-06-19 10:24:29,079 - __main__ - INFO - Model and artifacts loaded successfully
2025-06-19 10:27:41,678 - __main__ - INFO - Starting phishing URL detector...
2025-06-19 10:27:41,683 - __main__ - INFO - Loading model and artifacts...
2025-06-19 10:27:41,903 - absl - WARNING - Compiled the loaded model, but the compiled metrics have yet to be built. `model.compile_metrics` will be empty until you train or evaluate the model.
2025-06-19 10:27:41,937 - __main__ - INFO - Model and artifacts loaded successfully
2025-06-19 10:32:16,536 - __main__ - INFO - Starting phishing URL detector...
2025-06-19 10:32:16,538 - __main__ - INFO - Loading model and artifacts...
2025-06-19 10:32:17,012 - absl - WARNING - Compiled the loaded model, but the compiled metrics have yet to be built. `model.compile_metrics` will be empty until you train or evaluate the model.
2025-06-19 10:32:17,101 - __main__ - INFO - Model and artifacts loaded successfully
2025-06-19 10:37:08,608 - __main__ - INFO - Starting phishing URL detector...
2025-06-19 10:37:08,616 - __main__ - INFO - Loading model and artifacts...
2025-06-19 10:37:09,046 - absl - WARNING - Compiled the loaded model, but the compiled metrics have yet to be built. `model.compile_metrics` will be empty until you train or evaluate the model.
2025-06-19 10:37:09,110 - __main__ - INFO - Model and artifacts loaded successfully
2025-06-19 10:41:48,235 - __main__ - INFO - Starting phishing URL detector...
2025-06-19 10:41:48,236 - __main__ - INFO - Loading model and artifacts...
2025-06-19 10:41:48,413 - absl - WARNING - Compiled the loaded model, but the compiled metrics have yet to be built. `model.compile_metrics` will be empty until you train or evaluate the model.
2025-06-19 10:41:48,442 - __main__ - INFO - Model and artifacts loaded successfully
2025-06-19 10:47:21,285 - __main__ - INFO - Starting phishing URL detector...
2025-06-19 10:47:21,294 - __main__ - INFO - Loading model and artifacts...
2025-06-19 10:47:21,586 - absl - WARNING - Compiled the loaded model, but the compiled metrics have yet to be built. `model.compile_metrics` will be empty until you train or evaluate the model.
2025-06-19 10:47:21,635 - __main__ - INFO - Model and artifacts loaded successfully
2025-06-19 10:47:53,062 - __main__ - INFO - Starting phishing URL detector...
2025-06-19 10:47:53,064 - __main__ - INFO - Loading model and artifacts...
2025-06-19 10:47:53,191 - absl - WARNING - Compiled the loaded model, but the compiled metrics have yet to be built. `model.compile_metrics` will be empty until you train or evaluate the model.
2025-06-19 10:47:53,216 - __main__ - INFO - Model and artifacts loaded successfully
2025-06-19 10:47:53,217 - __main__ - WARNING - Invalid domain format: http from URL: http//gehu.com
2025-06-19 10:47:53,217 - __main__ - WARNING - Invalid domain format: http from URL: http//gehu.com
2025-06-19 10:47:53,218 - __main__ - WARNING - Invalid domain format: http from URL: http://http//gehu.com
2025-06-19 10:47:53,220 - __main__ - WARNING - Invalid domain format: http from URL: http//gehu.com
2025-06-19 10:47:53,549 - __main__ - WARNING - Invalid domain format: http from URL: http//gehu.com
2025-06-19 10:48:49,546 - __main__ - INFO - Starting phishing URL detector...
2025-06-19 10:48:49,548 - __main__ - INFO - Loading model and artifacts...
2025-06-19 10:48:49,716 - absl - WARNING - Compiled the loaded model, but the compiled metrics have yet to be built. `model.compile_metrics` will be empty until you train or evaluate the model.
2025-06-19 10:48:49,752 - __main__ - INFO - Model and artifacts loaded successfully
2025-06-19 10:48:49,753 - __main__ - WARNING - Invalid domain format: 192.168.1.1 from URL: http://192.168.1.1/login
2025-06-19 10:48:49,753 - __main__ - WARNING - Invalid domain format: 192.168.1.1 from URL: http://192.168.1.1/login
2025-06-19 10:48:49,754 - __main__ - WARNING - Invalid domain format: 192.168.1.1 from URL: http://192.168.1.1/login
2025-06-19 10:48:49,754 - __main__ - WARNING - Invalid domain format: 192.168.1.1 from URL: http://192.168.1.1/login
2025-06-19 10:48:49,954 - __main__ - WARNING - Invalid domain format: 192.168.1.1 from URL: http://192.168.1.1/login
2025-06-19 10:49:24,188 - __main__ - INFO - Starting phishing URL detector...
2025-06-19 10:49:24,189 - __main__ - INFO - Loading model and artifacts...
2025-06-19 10:49:24,318 - absl - WARNING - Compiled the loaded model, but the compiled metrics have yet to be built. `model.compile_metrics` will be empty until you train or evaluate the model.
2025-06-19 10:49:24,345 - __main__ - INFO - Model and artifacts loaded successfully
2025-06-19 10:49:24,346 - __main__ - WARNING - Invalid domain format: 192.168.1.1 from URL: http://192.168.1.1/login
2025-06-19 10:49:24,346 - __main__ - WARNING - Invalid domain format: 192.168.1.1 from URL: http://192.168.1.1/login
2025-06-19 10:49:24,347 - __main__ - WARNING - Invalid domain format: 192.168.1.1 from URL: http://192.168.1.1/login
2025-06-19 10:49:24,347 - __main__ - WARNING - Invalid domain format: 192.168.1.1 from URL: http://192.168.1.1/login
2025-06-19 10:49:24,521 - __main__ - WARNING - Invalid domain format: 192.168.1.1 from URL: http://192.168.1.1/login
2025-06-19 10:49:54,005 - __main__ - INFO - Starting phishing URL detector...
2025-06-19 10:49:54,007 - __main__ - INFO - Loading model and artifacts...
2025-06-19 10:49:54,136 - absl - WARNING - Compiled the loaded model, but the compiled metrics have yet to be built. `model.compile_metrics` will be empty until you train or evaluate the model.
2025-06-19 10:49:54,164 - __main__ - INFO - Model and artifacts loaded successfully
2025-06-19 10:55:15,566 - __main__ - INFO - Starting phishing URL detector...
2025-06-19 10:55:15,574 - __main__ - INFO - Loading model and artifacts...
2025-06-19 10:55:15,933 - absl - WARNING - Compiled the loaded model, but the compiled metrics have yet to be built. `model.compile_metrics` will be empty until you train or evaluate the model.
2025-06-19 10:55:15,995 - __main__ - INFO - Model and artifacts loaded successfully
2025-06-19 10:55:48,365 - __main__ - INFO - Starting phishing URL detector...
2025-06-19 10:55:48,366 - __main__ - INFO - Loading model and artifacts...
2025-06-19 10:55:48,498 - absl - WARNING - Compiled the loaded model, but the compiled metrics have yet to be built. `model.compile_metrics` will be empty until you train or evaluate the model.
2025-06-19 10:55:48,537 - __main__ - INFO - Model and artifacts loaded successfully
2025-06-19 10:55:48,538 - __main__ - WARNING - Invalid domain format: 192.168.1.1 from URL: http://192.168.1.1/login
2025-06-19 10:55:48,540 - __main__ - WARNING - Invalid domain format: 192.168.1.1 from URL: http://192.168.1.1/login
2025-06-19 10:55:48,540 - __main__ - WARNING - Invalid domain format: 192.168.1.1 from URL: http://192.168.1.1/login
2025-06-19 10:55:48,541 - __main__ - WARNING - Invalid domain format: 192.168.1.1 from URL: http://192.168.1.1/login
2025-06-19 10:55:49,217 - __main__ - WARNING - Invalid domain format: 192.168.1.1 from URL: http://192.168.1.1/login
2025-06-19 11:04:07,084 - __main__ - INFO - Starting phishing URL detector...
2025-06-19 11:04:07,091 - __main__ - INFO - Loading model and artifacts...
2025-06-19 11:04:07,544 - absl - WARNING - Compiled the loaded model, but the compiled metrics have yet to be built. `model.compile_metrics` will be empty until you train or evaluate the model.
2025-06-19 11:04:07,612 - __main__ - INFO - Model and artifacts loaded successfully
2025-06-19 11:04:36,654 - __main__ - INFO - Starting phishing URL detector...
2025-06-19 11:04:36,655 - __main__ - INFO - Loading model and artifacts...
2025-06-19 11:04:36,772 - absl - WARNING - Compiled the loaded model, but the compiled metrics have yet to be built. `model.compile_metrics` will be empty until you train or evaluate the model.
2025-06-19 11:04:36,794 - __main__ - INFO - Model and artifacts loaded successfully
2025-06-19 11:04:36,795 - __main__ - WARNING - Invalid domain format: 192.168.1.1 from URL: http://192.168.1.1/login
2025-06-19 11:04:36,795 - __main__ - WARNING - Invalid domain format: 192.168.1.1 from URL: http://192.168.1.1/login
2025-06-19 11:04:36,795 - __main__ - WARNING - Invalid domain format: 192.168.1.1 from URL: http://192.168.1.1/login
2025-06-19 11:04:36,796 - __main__ - WARNING - Invalid domain format: 192.168.1.1 from URL: http://192.168.1.1/login
2025-06-19 11:04:37,173 - __main__ - WARNING - Invalid domain format: 192.168.1.1 from URL: http://192.168.1.1/login
2025-06-19 11:24:51,591 - __main__ - INFO - Starting phishing URL detector...
2025-06-19 11:24:51,595 - __main__ - INFO - Loading model and artifacts...
2025-06-19 11:24:51,969 - absl - WARNING - Compiled the loaded model, but the compiled metrics have yet to be built. `model.compile_metrics` will be empty until you train or evaluate the model.
2025-06-19 11:24:52,024 - __main__ - INFO - Model and artifacts loaded successfully
2025-06-19 14:03:52,150 - __main__ - INFO - Starting phishing URL detector...
2025-06-19 14:03:52,150 - __main__ - INFO - Loading model and artifacts...
2025-06-19 14:03:52,289 - absl - WARNING - Compiled the loaded model, but the compiled metrics have yet to be built. `model.compile_metrics` will be empty until you train or evaluate the model.
2025-06-19 14:03:52,322 - __main__ - INFO - Model and artifacts loaded successfully
2025-06-19 14:04:41,977 - __main__ - INFO - Starting phishing URL detector...
2025-06-19 14:04:41,978 - __main__ - INFO - Loading model and artifacts...
2025-06-19 14:04:42,053 - absl - WARNING - Compiled the loaded model, but the compiled metrics have yet to be built. `model.compile_metrics` will be empty until you train or evaluate the model.
2025-06-19 14:04:42,069 - __main__ - INFO - Model and artifacts loaded successfully
2025-06-19 14:04:42,070 - __main__ - WARNING - Invalid domain format: 192.168.1.1 from URL: http://192.168.1.1/login
2025-06-19 14:04:42,070 - __main__ - WARNING - Invalid domain format: 192.168.1.1 from URL: http://192.168.1.1/login
2025-06-19 14:04:42,070 - __main__ - WARNING - Invalid domain format: 192.168.1.1 from URL: http://192.168.1.1/login
2025-06-19 14:04:42,070 - __main__ - WARNING - Invalid domain format: 192.168.1.1 from URL: http://192.168.1.1/login
2025-06-19 14:04:42,403 - __main__ - WARNING - Invalid domain format: 192.168.1.1 from URL: http://192.168.1.1/login
